<?xml version="1.0" encoding="UTF-8"?>
<coverage generated="1689070179512" clover="3.2.0">
  <project timestamp="1689070179512" name="All files">
    <metrics statements="11" coveredstatements="10" conditionals="2" coveredconditionals="1" methods="0" coveredmethods="0" elements="13" coveredelements="11" complexity="0" loc="11" ncloc="11" packages="1" files="2" classes="2"/>
    <file name="config.js" path="E:\BYU\Project-Senior\project-senior\project-senior-byu\root\backend\src\db\config.js">
      <metrics statements="5" coveredstatements="5" conditionals="2" coveredconditionals="1" methods="0" coveredmethods="0"/>
      <line num="1" count="1" type="stmt"/>
      <line num="2" count="1" type="stmt"/>
      <line num="4" count="1" type="cond" truecount="1" falsecount="1"/>
      <line num="6" count="1" type="stmt"/>
      <line num="8" count="1" type="stmt"/>
    </file>
    <file name="db.js" path="E:\BYU\Project-Senior\project-senior\project-senior-byu\root\backend\src\db\db.js">
      <metrics statements="6" coveredstatements="5" conditionals="0" coveredconditionals="0" methods="0" coveredmethods="0"/>
      <line num="1" count="1" type="stmt"/>
      <line num="9" count="1" type="stmt"/>
      <line num="11" count="1" type="stmt"/>
      <line num="12" count="1" type="stmt"/>
      <line num="13" count="1" type="stmt"/>
      <line num="16" count="0" type="stmt"/>
    </file>
  </project>
</coverage>
